"use strict";(self.webpackChunkdocus=self.webpackChunkdocus||[]).push([[555],{3905:function(e,t,n){n.d(t,{Zo:function(){return u},kt:function(){return d}});var o=n(67294);function a(e,t,n){return t in e?Object.defineProperty(e,t,{value:n,enumerable:!0,configurable:!0,writable:!0}):e[t]=n,e}function r(e,t){var n=Object.keys(e);if(Object.getOwnPropertySymbols){var o=Object.getOwnPropertySymbols(e);t&&(o=o.filter((function(t){return Object.getOwnPropertyDescriptor(e,t).enumerable}))),n.push.apply(n,o)}return n}function i(e){for(var t=1;t<arguments.length;t++){var n=null!=arguments[t]?arguments[t]:{};t%2?r(Object(n),!0).forEach((function(t){a(e,t,n[t])})):Object.getOwnPropertyDescriptors?Object.defineProperties(e,Object.getOwnPropertyDescriptors(n)):r(Object(n)).forEach((function(t){Object.defineProperty(e,t,Object.getOwnPropertyDescriptor(n,t))}))}return e}function l(e,t){if(null==e)return{};var n,o,a=function(e,t){if(null==e)return{};var n,o,a={},r=Object.keys(e);for(o=0;o<r.length;o++)n=r[o],t.indexOf(n)>=0||(a[n]=e[n]);return a}(e,t);if(Object.getOwnPropertySymbols){var r=Object.getOwnPropertySymbols(e);for(o=0;o<r.length;o++)n=r[o],t.indexOf(n)>=0||Object.prototype.propertyIsEnumerable.call(e,n)&&(a[n]=e[n])}return a}var s=o.createContext({}),c=function(e){var t=o.useContext(s),n=t;return e&&(n="function"==typeof e?e(t):i(i({},t),e)),n},u=function(e){var t=c(e.components);return o.createElement(s.Provider,{value:t},e.children)},h={inlineCode:"code",wrapper:function(e){var t=e.children;return o.createElement(o.Fragment,{},t)}},p=o.forwardRef((function(e,t){var n=e.components,a=e.mdxType,r=e.originalType,s=e.parentName,u=l(e,["components","mdxType","originalType","parentName"]),p=c(n),d=a,m=p["".concat(s,".").concat(d)]||p[d]||h[d]||r;return n?o.createElement(m,i(i({ref:t},u),{},{components:n})):o.createElement(m,i({ref:t},u))}));function d(e,t){var n=arguments,a=t&&t.mdxType;if("string"==typeof e||a){var r=n.length,i=new Array(r);i[0]=p;var l={};for(var s in t)hasOwnProperty.call(t,s)&&(l[s]=t[s]);l.originalType=e,l.mdxType="string"==typeof e?e:a,i[1]=l;for(var c=2;c<r;c++)i[c]=n[c];return o.createElement.apply(null,i)}return o.createElement.apply(null,n)}p.displayName="MDXCreateElement"},58215:function(e,t,n){var o=n(67294);t.Z=function(e){var t=e.children,n=e.hidden,a=e.className;return o.createElement("div",{role:"tabpanel",hidden:n,className:a},t)}},26396:function(e,t,n){n.d(t,{Z:function(){return p}});var o=n(87462),a=n(67294),r=n(72389),i=n(79443);var l=function(){var e=(0,a.useContext)(i.Z);if(null==e)throw new Error('"useUserPreferencesContext" is used outside of "Layout" component.');return e},s=n(53810),c=n(86010),u="tabItem_vU9c";function h(e){var t,n,r,i=e.lazy,h=e.block,p=e.defaultValue,d=e.values,m=e.groupId,g=e.className,v=a.Children.map(e.children,(function(e){if((0,a.isValidElement)(e)&&void 0!==e.props.value)return e;throw new Error("Docusaurus error: Bad <Tabs> child <"+("string"==typeof e.type?e.type:e.type.name)+'>: all children of the <Tabs> component should be <TabItem>, and every <TabItem> should have a unique "value" prop.')})),_=null!=d?d:v.map((function(e){var t=e.props;return{value:t.value,label:t.label,attributes:t.attributes}})),b=(0,s.lx)(_,(function(e,t){return e.value===t.value}));if(b.length>0)throw new Error('Docusaurus error: Duplicate values "'+b.map((function(e){return e.value})).join(", ")+'" found in <Tabs>. Every value needs to be unique.');var f=null===p?p:null!=(t=null!=p?p:null==(n=v.find((function(e){return e.props.default})))?void 0:n.props.value)?t:null==(r=v[0])?void 0:r.props.value;if(null!==f&&!_.some((function(e){return e.value===f})))throw new Error('Docusaurus error: The <Tabs> has a defaultValue "'+f+'" but none of its children has the corresponding value. Available values are: '+_.map((function(e){return e.value})).join(", ")+". If you intend to show no default tab, use defaultValue={null} instead.");var k=l(),C=k.tabGroupChoices,y=k.setTabGroupChoices,E=(0,a.useState)(f),T=E[0],w=E[1],S=[],N=(0,s.o5)().blockElementScrollPositionUntilNextRender;if(null!=m){var x=C[m];null!=x&&x!==T&&_.some((function(e){return e.value===x}))&&w(x)}var R=function(e){var t=e.currentTarget,n=S.indexOf(t),o=_[n].value;o!==T&&(N(t),w(o),null!=m&&y(m,o))},O=function(e){var t,n=null;switch(e.key){case"ArrowRight":var o=S.indexOf(e.currentTarget)+1;n=S[o]||S[0];break;case"ArrowLeft":var a=S.indexOf(e.currentTarget)-1;n=S[a]||S[S.length-1]}null==(t=n)||t.focus()};return a.createElement("div",{className:"tabs-container"},a.createElement("ul",{role:"tablist","aria-orientation":"horizontal",className:(0,c.Z)("tabs",{"tabs--block":h},g)},_.map((function(e){var t=e.value,n=e.label,r=e.attributes;return a.createElement("li",(0,o.Z)({role:"tab",tabIndex:T===t?0:-1,"aria-selected":T===t,key:t,ref:function(e){return S.push(e)},onKeyDown:O,onFocus:R,onClick:R},r,{className:(0,c.Z)("tabs__item",u,null==r?void 0:r.className,{"tabs__item--active":T===t})}),null!=n?n:t)}))),i?(0,a.cloneElement)(v.filter((function(e){return e.props.value===T}))[0],{className:"margin-vert--md"}):a.createElement("div",{className:"margin-vert--md"},v.map((function(e,t){return(0,a.cloneElement)(e,{key:t,hidden:e.props.value!==T})}))))}function p(e){var t=(0,r.Z)();return a.createElement(h,(0,o.Z)({key:String(t)},e))}},53740:function(e,t,n){n.r(t),n.d(t,{contentTitle:function(){return u},default:function(){return m},frontMatter:function(){return c},metadata:function(){return h},toc:function(){return p}});var o=n(87462),a=n(63366),r=(n(67294),n(3905)),i=n(26396),l=n(58215),s=["components"],c={title:"Step 3: Get Insights with SQL",sidebar_position:3},u=void 0,h={unversionedId:"workshop/mini-ossinsight/step-by-step/get-insights-with-sql",id:"workshop/mini-ossinsight/step-by-step/get-insights-with-sql",title:"Step 3: Get Insights with SQL",description:"Now, the data is ready, let's try to analyze these data with SQL!",source:"@site/docs/workshop/mini-ossinsight/step-by-step/get-insights-with-sql.mdx",sourceDirName:"workshop/mini-ossinsight/step-by-step",slug:"/workshop/mini-ossinsight/step-by-step/get-insights-with-sql",permalink:"/docs/workshop/mini-ossinsight/step-by-step/get-insights-with-sql",editUrl:"https://github.com/pingcap/ossinsight/tree/main/docs/workshop/mini-ossinsight/step-by-step/get-insights-with-sql.mdx",tags:[],version:"current",sidebarPosition:3,frontMatter:{title:"Step 3: Get Insights with SQL",sidebar_position:3},sidebar:"tutorialSidebar",previous:{title:"Step 2: Load Data  to TiDB",permalink:"/docs/workshop/mini-ossinsight/step-by-step/load-data-to-tidb"},next:{title:"NFT Insight \u2714\ufe0f ",permalink:"/docs/workshop/nft-insight"}},p=[{value:"1. Get Insights with Raw SQL!",id:"1-get-insights-with-raw-sql",children:[{value:"a. Can&#39;t Wait!",id:"a-cant-wait",children:[{value:"i. Example 1",id:"i-example-1",children:[],level:4},{value:"ii. Example 2",id:"ii-example-2",children:[],level:4},{value:"iii. Example 3",id:"iii-example-3",children:[],level:4}],level:3},{value:"b. !!! Set Column-Oriented Storage Replica",id:"b--set-column-oriented-storage-replica",children:[],level:3}],level:2},{value:"2. Well done!",id:"2-well-done",children:[],level:2}],d={toc:p};function m(e){var t=e.components,n=(0,a.Z)(e,s);return(0,r.kt)("wrapper",(0,o.Z)({},d,n,{components:t,mdxType:"MDXLayout"}),(0,r.kt)("p",null,"Now, the data is ready, let's try to analyze these data with SQL!"),(0,r.kt)("h2",{id:"1-get-insights-with-raw-sql"},"1. Get Insights with Raw SQL!"),(0,r.kt)("h3",{id:"a-cant-wait"},"a. Can't Wait!"),(0,r.kt)("h4",{id:"i-example-1"},"i. Example 1"),(0,r.kt)("p",null,"Look at ",(0,r.kt)("inlineCode",{parentName:"p"},"ti-chi-bot"),"'s details, it is a robot:"),(0,r.kt)(i.Z,{mdxType:"Tabs"},(0,r.kt)(l.Z,{value:"sql",label:"SQL",mdxType:"TabItem"},(0,r.kt)("pre",null,(0,r.kt)("code",{parentName:"pre",className:"language-sql"},"SELECT\n    type, COUNT(*) AS events\nFROM github_events\nWHERE\n    actor_login = 'ti-chi-bot'\nGROUP BY type;\n"))),(0,r.kt)(l.Z,{value:"cloud",label:"Explain SQL - TiDB Cloud",mdxType:"TabItem"},(0,r.kt)("pre",null,(0,r.kt)("code",{parentName:"pre"},'+--------------------------------+---------+-----------+----------------------------------------------------------------------------+------------------------------------------------------------------------------------------------------------------------------------------------------------------+\n| id                             | estRows | task      | access object                                                              | operator info                                                                                                                                                    |\n+--------------------------------+---------+-----------+----------------------------------------------------------------------------+------------------------------------------------------------------------------------------------------------------------------------------------------------------+\n| Projection_5                   | 1.00    | root      |                                                                            | gharchive_dev.github_events.type, Column#36                                                                                                                      |\n| \u2514\u2500HashAgg_24                   | 1.00    | root      |                                                                            | group by:gharchive_dev.github_events.type, funcs:count(Column#44)->Column#36, funcs:firstrow(gharchive_dev.github_events.type)->gharchive_dev.github_events.type |\n|   \u2514\u2500IndexLookUp_25             | 1.00    | root      | partition:all                                                              |                                                                                                                                                                  |\n|     \u251c\u2500IndexRangeScan_22(Build) | 7550.14 | cop[tikv] | table:github_events, index:index_github_events_on_actor_login(actor_login) | range:["ti-chi-bot","ti-chi-bot"], keep order:false                                                                                                              |\n|     \u2514\u2500HashAgg_7(Probe)         | 1.00    | cop[tikv] |                                                                            | group by:gharchive_dev.github_events.type, funcs:count(1)->Column#44                                                                                             |\n|       \u2514\u2500TableRowIDScan_23      | 7550.14 | cop[tikv] | table:github_events                                                        | keep order:false                                                                                                                                                 |\n+--------------------------------+---------+-----------+----------------------------------------------------------------------------+------------------------------------------------------------------------------------------------------------------------------------------------------------------+\n'))),(0,r.kt)(l.Z,{value:"local",label:"Explain SQL - Local TiDB",mdxType:"TabItem"},(0,r.kt)("pre",null,(0,r.kt)("code",{parentName:"pre"},'+------------------------------------+---------+-----------+----------------------------------------------------------------------------+------------------------------------------------------------------------------------------------------------------------------------------------------------------+\n| id                                 | estRows | task      | access object                                                              | operator info                                                                                                                                                    |\n+------------------------------------+---------+-----------+----------------------------------------------------------------------------+------------------------------------------------------------------------------------------------------------------------------------------------------------------+\n| Projection_5                       | 1.00    | root      |                                                                            | gharchive_dev.github_events.type, Column#33                                                                                                                      |\n| \u2514\u2500HashAgg_17                       | 1.00    | root      |                                                                            | group by:gharchive_dev.github_events.type, funcs:count(Column#37)->Column#33, funcs:firstrow(gharchive_dev.github_events.type)->gharchive_dev.github_events.type |\n|   \u2514\u2500IndexLookUp_18                 | 1.00    | root      |                                                                            |                                                                                                                                                                  |\n|     \u251c\u2500IndexRangeScan_15(Build)     | 8938.94 | cop[tikv] | table:github_events, index:index_github_events_on_actor_login(actor_login) | range:["ti-chi-bot","ti-chi-bot"], keep order:false                                                                                                              |\n|     \u2514\u2500HashAgg_7(Probe)             | 1.00    | cop[tikv] |                                                                            | group by:gharchive_dev.github_events.type, funcs:count(1)->Column#37                                                                                             |\n|       \u2514\u2500TableRowIDScan_16          | 8938.94 | cop[tikv] | table:github_events                                                        | keep order:false                                                                                                                                                 |\n+------------------------------------+---------+-----------+----------------------------------------------------------------------------+------------------------------------------------------------------------------------------------------------------------------------------------------------------+\n')))),(0,r.kt)("div",{className:"admonition admonition-info alert alert--info"},(0,r.kt)("div",{parentName:"div",className:"admonition-heading"},(0,r.kt)("h5",{parentName:"div"},(0,r.kt)("span",{parentName:"h5",className:"admonition-icon"},(0,r.kt)("svg",{parentName:"span",xmlns:"http://www.w3.org/2000/svg",width:"14",height:"16",viewBox:"0 0 14 16"},(0,r.kt)("path",{parentName:"svg",fillRule:"evenodd",d:"M7 2.3c3.14 0 5.7 2.56 5.7 5.7s-2.56 5.7-5.7 5.7A5.71 5.71 0 0 1 1.3 8c0-3.14 2.56-5.7 5.7-5.7zM7 1C3.14 1 0 4.14 0 8s3.14 7 7 7 7-3.14 7-7-3.14-7-7-7zm1 3H6v5h2V4zm0 6H6v2h2v-2z"}))),"Test")),(0,r.kt)("div",{parentName:"div",className:"admonition-content"},(0,r.kt)("ul",{parentName:"div"},(0,r.kt)("li",{parentName:"ul"},(0,r.kt)("a",{parentName:"li",href:"https://github.com/ti-chi-bot"},"ti-chi-bot"))))),(0,r.kt)("h4",{id:"ii-example-2"},"ii. Example 2"),(0,r.kt)("p",null,"In addition to using aggregation functions for simple statistics, sometimes we need to conduct more complex data analysis, such as calculating percentage points, moving average, cumulative total, etc."),(0,r.kt)("div",{className:"admonition admonition-tip alert alert--success"},(0,r.kt)("div",{parentName:"div",className:"admonition-heading"},(0,r.kt)("h5",{parentName:"div"},(0,r.kt)("span",{parentName:"h5",className:"admonition-icon"},(0,r.kt)("svg",{parentName:"span",xmlns:"http://www.w3.org/2000/svg",width:"12",height:"16",viewBox:"0 0 12 16"},(0,r.kt)("path",{parentName:"svg",fillRule:"evenodd",d:"M6.5 0C3.48 0 1 2.19 1 5c0 .92.55 2.25 1 3 1.34 2.25 1.78 2.78 2 4v1h5v-1c.22-1.22.66-1.75 2-4 .45-.75 1-2.08 1-3 0-2.81-2.48-5-5.5-5zm3.64 7.48c-.25.44-.47.8-.67 1.11-.86 1.41-1.25 2.06-1.45 3.23-.02.05-.02.11-.02.17H5c0-.06 0-.13-.02-.17-.2-1.17-.59-1.83-1.45-3.23-.2-.31-.42-.67-.67-1.11C2.44 6.78 2 5.65 2 5c0-2.2 2.02-4 4.5-4 1.22 0 2.36.42 3.22 1.19C10.55 2.94 11 3.94 11 5c0 .66-.44 1.78-.86 2.48zM4 14h5c-.23 1.14-1.3 2-2.5 2s-2.27-.86-2.5-2z"}))),"Question")),(0,r.kt)("div",{parentName:"div",className:"admonition-content"},(0,r.kt)("p",{parentName:"div"},"If you need to analyze the star growth trend of the specified repository (Fox example: ",(0,r.kt)("inlineCode",{parentName:"p"},"pingcap/tidb"),") according to the existing data, can you use one SQL to complete it."))),(0,r.kt)("p",null,"At this time, if we only use aggregation functions, our data analysis SQL will become complex, or we need to complete it through additional program processing."),(0,r.kt)("p",null,"TiDB provides ",(0,r.kt)("a",{parentName:"p",href:"https://docs.pingcap.com/tidb/dev/dev-guide-use-common-table-expression"},"common table expression")," and ",(0,r.kt)("a",{parentName:"p",href:"https://docs.pingcap.com/tidb/dev/window-functions"},"window function")," features to help us greatly simplify SQL queries."),(0,r.kt)(i.Z,{mdxType:"Tabs"},(0,r.kt)(l.Z,{value:"sql",label:"SQL",mdxType:"TabItem"},(0,r.kt)("pre",null,(0,r.kt)("code",{parentName:"pre",className:"language-sql"},"SELECT\n  event_month, stars\nFROM (\n  SELECT\n    event_month,\n    COUNT(1) OVER (ORDER BY event_month) AS stars,\n    ROW_NUMBER() OVER (PARTITION BY event_month) AS row_num\n  FROM\n    github_events\n  WHERE\n    type = 'WatchEvent'\n    AND repo_id = 41986369\n  ORDER BY event_month\n) sub\nWHERE row_num = 1\n;\n"))),(0,r.kt)(l.Z,{value:"explain",label:"Explain",mdxType:"TabItem"},(0,r.kt)("pre",null,(0,r.kt)("code",{parentName:"pre"},'+-----------------------------------+----------+-----------+--------------------------------------------------------------------------------------------------------+------------------------------------------------------------------------------------------------------------------------------+\n| id                                | estRows  | task      | access object                                                                                          | operator info                                                                                                                |\n+-----------------------------------+----------+-----------+--------------------------------------------------------------------------------------------------------+------------------------------------------------------------------------------------------------------------------------------+\n| Projection_13                     | 22324.11 | root      |                                                                                                        | gharchive_dev.github_events.event_month, Column#39                                                                           |\n| \u2514\u2500Selection_40                    | 22324.11 | root      |                                                                                                        | eq(Column#38, 1)                                                                                                             |\n|   \u2514\u2500Window_42                     | 27905.14 | root      |                                                                                                        | count(1)->Column#39 over(order by gharchive_dev.github_events.event_month range between unbounded preceding and current row) |\n|     \u2514\u2500Window_19                   | 27905.14 | root      |                                                                                                        | row_number()->Column#38 over(partition by gharchive_dev.github_events.event_month rows between current row and current row)  |\n|       \u2514\u2500Sort_30                   | 28140.28 | root      |                                                                                                        | gharchive_dev.github_events.event_month                                                                                      |\n|         \u2514\u2500IndexReader_27          | 28140.28 | root      | partition:watch_event                                                                                  | index:IndexRangeScan_26                                                                                                      |\n|           \u2514\u2500IndexRangeScan_26     | 28140.28 | cop[tikv] | table:github_events, index:index_github_events_on_repo_id_type_event_month(repo_id, type, event_month) | range:[41986369 "WatchEvent",41986369 "WatchEvent"], keep order:false                                                        |\n+-----------------------------------+----------+-----------+--------------------------------------------------------------------------------------------------------+------------------------------------------------------------------------------------------------------------------------------+\n')))),(0,r.kt)("p",null,"Reading more:"),(0,r.kt)("ul",null,(0,r.kt)("li",{parentName:"ul"},(0,r.kt)("a",{parentName:"li",href:"https://dev.mysql.com/doc/refman/8.0/en/window-functions-usage.html"},"Window Function Concepts and Syntax")),(0,r.kt)("li",{parentName:"ul"},(0,r.kt)("a",{parentName:"li",href:"https://popsql.com/learn-sql/mysql/how-to-calculate-cumulative-sum-running-total-in-mysql"},"How to Calculate Cumulative Sum-Running Total in MySQL"))),(0,r.kt)("h4",{id:"iii-example-3"},"iii. Example 3"),(0,r.kt)("p",null,"The below SQL is picked from ",(0,r.kt)("a",{parentName:"p",href:"/blog/say-thanks-to-github-robots#history-trends"},"blog - Love, Code, and Robot"),", it explains how robots grow on GitHub:"),(0,r.kt)(i.Z,{mdxType:"Tabs"},(0,r.kt)(l.Z,{value:"sql",label:"SQL",mdxType:"TabItem"},(0,r.kt)("pre",null,(0,r.kt)("code",{parentName:"pre",className:"language-sql"},"WITH bots_with_first_seen AS (\n    SELECT\n        actor_login, MIN(event_year) AS first_seen_at\n    FROM github_events ge\n    WHERE\n        actor_login REGEXP '^(bot-.+|.+bot|.+\\\\[bot\\\\]|.+-bot-.+|robot-.+|.+-ci-.+|.+-ci|.+-testing|.+clabot.+|.+-gerrit|k8s-.+|.+-machine|.+-automation|github-.+|.+-github|.+-service|.+-builds|codecov-.+|.+teamcity.+|jenkins-.+|.+-jira-.+)$'\n    GROUP BY actor_login\n    ORDER BY first_seen_at\n),  acc AS (\n    SELECT\n        COUNT(actor_login) OVER (ORDER BY first_seen_at) AS cnt,\n        first_seen_at AS event_year\n    FROM\n        bots_with_first_seen AS bwfs\n    ORDER BY event_year\n)\nSELECT ANY_VALUE(cnt) AS bots_total, event_year\nFROM acc\nGROUP BY event_year\nORDER BY event_year;\n"))),(0,r.kt)(l.Z,{value:"cloud",label:"Explain SQL - TiDB Cloud",mdxType:"TabItem"},(0,r.kt)("pre",null,(0,r.kt)("code",{parentName:"pre"},'+------------------------------+-----------+-----------+---------------+------------------------------------------------------------------------------------------------------------------------------------------------------------------------------------------------------------------------------------------------------------------------+\n| id                           | estRows   | task      | access object | operator info                                                                                                                                                                                                                                                          |\n+------------------------------+-----------+-----------+---------------+------------------------------------------------------------------------------------------------------------------------------------------------------------------------------------------------------------------------------------------------------------------------+\n| Sort_45                      | 39130.77  | root      |               | Column#44                                                                                                                                                                                                                                                              |\n| \u2514\u2500Projection_47              | 39130.77  | root      |               | any_value(Column#43)->Column#45, Column#44                                                                                                                                                                                                                             |\n|   \u2514\u2500HashAgg_48               | 39130.77  | root      |               | group by:Column#44, funcs:firstrow(Column#43)->Column#43, funcs:firstrow(Column#44)->Column#44                                                                                                                                                                         |\n|     \u2514\u2500CTEFullScan_49         | 39130.77  | root      | CTE:acc       | data:CTE_1                                                                                                                                                                                                                                                             |\n| CTE_1                        | 39130.77  | root      |               | Non-Recursive CTE                                                                                                                                                                                                                                                      |\n| \u2514\u2500Selection_35(Seed Part)    | 39130.77  | root      |               | 1                                                                                                                                                                                                                                                                      |\n|   \u2514\u2500Projection_36            | 48913.46  | root      |               | Column#40, Column#38                                                                                                                                                                                                                                                   |\n|     \u2514\u2500Window_42              | 48913.46  | root      |               | count(gharchive_dev.github_events.actor_login)->Column#40 over(order by Column#38 range between unbounded preceding and current row)                                                                                                                                   |\n|       \u2514\u2500Sort_44              | 48913.46  | root      |               | Column#38                                                                                                                                                                                                                                                              |\n|         \u2514\u2500CTEFullScan_43     | 48913.46  | root      | CTE:bwfs      | data:CTE_0                                                                                                                                                                                                                                                             |\n| CTE_0                        | 48913.46  | root      |               | Non-Recursive CTE                                                                                                                                                                                                                                                      |\n| \u2514\u2500Sort_18(Seed Part)         | 48913.46  | root      |               | Column#36                                                                                                                                                                                                                                                              |\n|   \u2514\u2500Projection_20            | 48913.46  | root      |               | gharchive_dev.github_events.actor_login, Column#36                                                                                                                                                                                                                     |\n|     \u2514\u2500HashAgg_21             | 48913.46  | root      |               | group by:gharchive_dev.github_events.actor_login, funcs:min(gharchive_dev.github_events.event_year)->Column#36, funcs:firstrow(gharchive_dev.github_events.actor_login)->gharchive_dev.github_events.actor_login                                                       |\n|       \u2514\u2500Selection_28         | 191671.20 | root      |               | regexp(gharchive_dev.github_events.actor_login, "^(bot-.+|.+bot|.+\\[bot\\]|.+-bot-.+|robot-.+|.+-ci-.+|.+-ci|.+-testing|.+clabot.+|.+-gerrit|k8s-.+|.+-machine|.+-automation|github-.+|.+-github|.+-service|.+-builds|codecov-.+|.+teamcity.+|jenkins-.+|.+-jira-.+)$") |\n|         \u2514\u2500TableReader_27     | 239589.00 | root      | partition:all | data:TableFullScan_26                                                                                                                                                                                                                                                  |\n|           \u2514\u2500TableFullScan_26 | 239589.00 | cop[tikv] | table:ge      | keep order:false                                                                                                                                                                                                                                                       |\n+------------------------------+-----------+-----------+---------------+------------------------------------------------------------------------------------------------------------------------------------------------------------------------------------------------------------------------------------------------------------------------+\n'))),(0,r.kt)(l.Z,{value:"local",label:"Explain SQL - Local TiDB",mdxType:"TabItem"},(0,r.kt)("pre",null,(0,r.kt)("code",{parentName:"pre",className:"language-sql"},'+----------------------------------+------------+-----------+---------------+------------------------------------------------------------------------------------------------------------------------------------------------------------------------------------------------------------------------------------------------------------------------+\n| id                               | estRows    | task      | access object | operator info                                                                                                                                                                                                                                                          |\n+----------------------------------+------------+-----------+---------------+------------------------------------------------------------------------------------------------------------------------------------------------------------------------------------------------------------------------------------------------------------------------+\n| Sort_48                          | 56047.89   | root      |               | Column#41                                                                                                                                                                                                                                                              |\n| \u2514\u2500Projection_50                  | 56047.89   | root      |               | any_value(Column#40)->Column#42, Column#41                                                                                                                                                                                                                             |\n|   \u2514\u2500HashAgg_51                   | 56047.89   | root      |               | group by:Column#41, funcs:firstrow(Column#40)->Column#40, funcs:firstrow(Column#41)->Column#41                                                                                                                                                                         |\n|     \u2514\u2500CTEFullScan_52             | 56047.89   | root      | CTE:acc       | data:CTE_1                                                                                                                                                                                                                                                             |\n| CTE_1                            | 56047.89   | root      |               | Non-Recursive CTE                                                                                                                                                                                                                                                      |\n| \u2514\u2500Selection_38(Seed Part)        | 56047.89   | root      |               | 1                                                                                                                                                                                                                                                                      |\n|   \u2514\u2500Projection_39                | 70059.86   | root      |               | Column#37, Column#35                                                                                                                                                                                                                                                   |\n|     \u2514\u2500Window_45                  | 70059.86   | root      |               | count(gharchive_dev.github_events.actor_login)->Column#37 over(order by Column#35 range between unbounded preceding and current row)                                                                                                                                   |\n|       \u2514\u2500Sort_47                  | 70059.86   | root      |               | Column#35                                                                                                                                                                                                                                                              |\n|         \u2514\u2500CTEFullScan_46         | 70059.86   | root      | CTE:bwfs      | data:CTE_0                                                                                                                                                                                                                                                             |\n| CTE_0                            | 70059.86   | root      |               | Non-Recursive CTE                                                                                                                                                                                                                                                      |\n| \u2514\u2500Sort_18(Seed Part)             | 70059.86   | root      |               | Column#33                                                                                                                                                                                                                                                              |\n|   \u2514\u2500Projection_20                | 70059.86   | root      |               | gharchive_dev.github_events.actor_login, Column#33                                                                                                                                                                                                                     |\n|     \u2514\u2500HashAgg_21                 | 70059.86   | root      |               | group by:gharchive_dev.github_events.actor_login, funcs:min(gharchive_dev.github_events.event_year)->Column#33, funcs:firstrow(gharchive_dev.github_events.actor_login)->gharchive_dev.github_events.actor_login                                                       |\n|       \u2514\u2500Selection_28             | 824598.40  | root      |               | regexp(gharchive_dev.github_events.actor_login, "^(bot-.+|.+bot|.+\\[bot\\]|.+-bot-.+|robot-.+|.+-ci-.+|.+-ci|.+-testing|.+clabot.+|.+-gerrit|k8s-.+|.+-machine|.+-automation|github-.+|.+-github|.+-service|.+-builds|codecov-.+|.+teamcity.+|jenkins-.+|.+-jira-.+)$") |\n|         \u2514\u2500TableReader_27         | 1030748.00 | root      |               | data:TableFullScan_26                                                                                                                                                                                                                                                  |\n|           \u2514\u2500TableFullScan_26     | 1030748.00 | cop[tikv] | table:ge      | keep order:false                                                                                                                                                                                                                                                       |\n+----------------------------------+------------+-----------+---------------+------------------------------------------------------------------------------------------------------------------------------------------------------------------------------------------------------------------------------------------------------------------------+\n')))),(0,r.kt)("p",null,"results:"),(0,r.kt)(i.Z,{mdxType:"Tabs"},(0,r.kt)(l.Z,{value:"cloud",label:"Result - TiDB Cloud",default:!0,mdxType:"TabItem"},(0,r.kt)("p",null,"Remember there are only 240k rows stored in your Developer Tier database."),(0,r.kt)("pre",null,(0,r.kt)("code",{parentName:"pre"},"+------------+------------+\n| bots_total | event_year |\n+------------+------------+\n|          3 |       2015 |\n|         10 |       2016 |\n|         14 |       2017 |\n|         21 |       2018 |\n|         40 |       2019 |\n|         54 |       2020 |\n|         73 |       2021 |\n|         82 |       2022 |\n+------------+------------+\n8 rows in set (1.99 sec)\n\nmysql>\n"))),(0,r.kt)(l.Z,{value:"local",label:"Result - Local TiDB",mdxType:"TabItem"},(0,r.kt)("p",null,"There are millions of rows stored in your local TiDB running on laptop/servers. "),(0,r.kt)("pre",null,(0,r.kt)("code",{parentName:"pre"},"+------------+------------+\n| bots_total | event_year |\n+------------+------------+\n|          4 |       2011 |\n|          8 |       2012 |\n|         22 |       2013 |\n|         50 |       2014 |\n|         71 |       2015 |\n|        132 |       2016 |\n|        172 |       2017 |\n|        243 |       2018 |\n|        342 |       2019 |\n|        450 |       2020 |\n|        561 |       2021 |\n|        622 |       2022 |\n+------------+------------+\n12 rows in set (2.39 sec)\n\nmysql>\n")))),(0,r.kt)("br",null),(0,r.kt)("br",null),(0,r.kt)("center",null,(0,r.kt)("h3",null,'"It works, but could it be faster?", "Of course!"')),(0,r.kt)("br",null),(0,r.kt)("h3",{id:"b--set-column-oriented-storage-replica"},"b. !!! Set Column-Oriented Storage Replica"),(0,r.kt)("p",null,"This step is important enough that it adds column-oriented-storage ability to TiDB - We call it ",(0,r.kt)("a",{parentName:"p",href:"https://docs.pingcap.com/tidb/dev/tiflash-overview"},"TiFlash"),". The ",(0,r.kt)("inlineCode",{parentName:"p"},"tiup playground")," installed 1 TiFlash node by default, what we need to do is just make data ",(0,r.kt)("inlineCode",{parentName:"p"},"STORED")," in these replica node too."),(0,r.kt)("p",null,"i. It's easy to set TiFlash replica, different from other software, TiDB uses SQL to take such changes into effect:"),(0,r.kt)("pre",null,(0,r.kt)("code",{parentName:"pre",className:"language-sql"},"ALTER TABLE gharchive_dev.github_events SET TIFLASH REPLICA 1;\n")),(0,r.kt)("p",null,"ii. Setting a TiFlash replica will take you some time, so you can use the following SQL statements to check if the procedure is done or not."),(0,r.kt)("pre",null,(0,r.kt)("code",{parentName:"pre",className:"language-sql"},"SELECT * FROM information_schema.tiflash_replica WHERE TABLE_SCHEMA = 'gharchive_dev' and TABLE_NAME = 'github_events';\n")),(0,r.kt)("p",null,"If the result you get is same as follow, that means the procedure is done."),(0,r.kt)("pre",null,(0,r.kt)("code",{parentName:"pre",className:"language-sql"},"mysql> SELECT * FROM information_schema.tiflash_replica WHERE TABLE_SCHEMA = 'gharchive_dev' and TABLE_NAME = 'github_events';\n+---------------+---------------+----------+---------------+-----------------+-----------+----------+\n| TABLE_SCHEMA  | TABLE_NAME    | TABLE_ID | REPLICA_COUNT | LOCATION_LABELS | AVAILABLE | PROGRESS |\n+---------------+---------------+----------+---------------+-----------------+-----------+----------+\n| gharchive_dev | github_events |       68 |             1 |                 |         1 |        1 |\n+---------------+---------------+----------+---------------+-----------------+-----------+----------+\n1 row in set (0.27 sec)\n\nmysql>\n")),(0,r.kt)("p",null,"Now try to execute the former robot sql(start with: ",(0,r.kt)("inlineCode",{parentName:"p"},"WITH bots_with_first_seen"),") again, result:"),(0,r.kt)(i.Z,{mdxType:"Tabs"},(0,r.kt)(l.Z,{value:"sql",label:"SQL",mdxType:"TabItem"},(0,r.kt)("pre",null,(0,r.kt)("code",{parentName:"pre",className:"language-sql"},"WITH bots_with_first_seen AS (\n    SELECT\n        actor_login, MIN(event_year) AS first_seen_at\n    FROM github_events ge\n    WHERE\n        actor_login REGEXP '^(bot-.+|.+bot|.+\\\\[bot\\\\]|.+-bot-.+|robot-.+|.+-ci-.+|.+-ci|.+-testing|.+clabot.+|.+-gerrit|k8s-.+|.+-machine|.+-automation|github-.+|.+-github|.+-service|.+-builds|codecov-.+|.+teamcity.+|jenkins-.+|.+-jira-.+)$'\n    GROUP BY actor_login\n    ORDER BY first_seen_at\n),  acc AS (\n    SELECT\n        COUNT(actor_login) OVER (ORDER BY first_seen_at) AS cnt,\n        first_seen_at AS event_year\n    FROM\n        bots_with_first_seen AS bwfs\n    ORDER BY event_year\n)\nSELECT ANY_VALUE(cnt) AS bots_total, event_year\nFROM acc\nGROUP BY event_year\nORDER BY event_year;\n"))),(0,r.kt)(l.Z,{value:"cloud",label:"Explain - TiDB Cloud",mdxType:"TabItem"},(0,r.kt)("pre",null,(0,r.kt)("code",{parentName:"pre"},'+----------------------------------------+-----------+--------------+---------------+------------------------------------------------------------------------------------------------------------------------------------------------------------------------------------------------------------------------------------------------------------------------+\n| id                                     | estRows   | task         | access object | operator info                                                                                                                                                                                                                                                          |\n+----------------------------------------+-----------+--------------+---------------+------------------------------------------------------------------------------------------------------------------------------------------------------------------------------------------------------------------------------------------------------------------------+\n| Sort_71                                | 39130.77  | root         |               | Column#44                                                                                                                                                                                                                                                              |\n| \u2514\u2500Projection_73                        | 39130.77  | root         |               | any_value(Column#43)->Column#45, Column#44                                                                                                                                                                                                                             |\n|   \u2514\u2500HashAgg_74                         | 39130.77  | root         |               | group by:Column#44, funcs:firstrow(Column#43)->Column#43, funcs:firstrow(Column#44)->Column#44                                                                                                                                                                         |\n|     \u2514\u2500CTEFullScan_75                   | 39130.77  | root         | CTE:acc       | data:CTE_1                                                                                                                                                                                                                                                             |\n| CTE_1                                  | 39130.77  | root         |               | Non-Recursive CTE                                                                                                                                                                                                                                                      |\n| \u2514\u2500Selection_61(Seed Part)              | 39130.77  | root         |               | 1                                                                                                                                                                                                                                                                      |\n|   \u2514\u2500Projection_62                      | 48913.46  | root         |               | Column#40, Column#38                                                                                                                                                                                                                                                   |\n|     \u2514\u2500Window_68                        | 48913.46  | root         |               | count(gharchive_dev.github_events.actor_login)->Column#40 over(order by Column#38 range between unbounded preceding and current row)                                                                                                                                   |\n|       \u2514\u2500Sort_70                        | 48913.46  | root         |               | Column#38                                                                                                                                                                                                                                                              |\n|         \u2514\u2500CTEFullScan_69               | 48913.46  | root         | CTE:bwfs      | data:CTE_0                                                                                                                                                                                                                                                             |\n| CTE_0                                  | 48913.46  | root         |               | Non-Recursive CTE                                                                                                                                                                                                                                                      |\n| \u2514\u2500Sort_18(Seed Part)                   | 48913.46  | root         |               | Column#36                                                                                                                                                                                                                                                              |\n|   \u2514\u2500Projection_20                      | 48913.46  | root         |               | gharchive_dev.github_events.actor_login, Column#36                                                                                                                                                                                                                     |\n|     \u2514\u2500TableReader_54                   | 48913.46  | root         | partition:all | data:ExchangeSender_53                                                                                                                                                                                                                                                 |\n|       \u2514\u2500ExchangeSender_53              | 48913.46  | mpp[tiflash] |               | ExchangeType: PassThrough                                                                                                                                                                                                                                              |\n|         \u2514\u2500Projection_49                | 48913.46  | mpp[tiflash] |               | Column#36, gharchive_dev.github_events.actor_login                                                                                                                                                                                                                     |\n|           \u2514\u2500HashAgg_50                 | 48913.46  | mpp[tiflash] |               | group by:gharchive_dev.github_events.actor_login, funcs:min(Column#49)->Column#36, funcs:firstrow(gharchive_dev.github_events.actor_login)->gharchive_dev.github_events.actor_login                                                                                    |\n|             \u2514\u2500ExchangeReceiver_52      | 48913.46  | mpp[tiflash] |               |                                                                                                                                                                                                                                                                        |\n|               \u2514\u2500ExchangeSender_51      | 48913.46  | mpp[tiflash] |               | ExchangeType: HashPartition, Hash Cols: [name: gharchive_dev.github_events.actor_login, collate: utf8mb4_unicode_ci]                                                                                                                                                   |\n|                 \u2514\u2500HashAgg_25           | 48913.46  | mpp[tiflash] |               | group by:gharchive_dev.github_events.actor_login, funcs:min(gharchive_dev.github_events.event_year)->Column#49                                                                                                                                                         |\n|                   \u2514\u2500Selection_48       | 191671.20 | mpp[tiflash] |               | regexp(gharchive_dev.github_events.actor_login, "^(bot-.+|.+bot|.+\\[bot\\]|.+-bot-.+|robot-.+|.+-ci-.+|.+-ci|.+-testing|.+clabot.+|.+-gerrit|k8s-.+|.+-machine|.+-automation|github-.+|.+-github|.+-service|.+-builds|codecov-.+|.+teamcity.+|jenkins-.+|.+-jira-.+)$") |\n|                     \u2514\u2500TableFullScan_47 | 239589.00 | mpp[tiflash] | table:ge      | keep order:false, PartitionTableScan:true                                                                                                                                                                                                                              |\n+----------------------------------------+-----------+--------------+---------------+------------------------------------------------------------------------------------------------------------------------------------------------------------------------------------------------------------------------------------------------------------------------+\n'))),(0,r.kt)(l.Z,{value:"local",label:"Explain - Local TiDB",mdxType:"TabItem"},(0,r.kt)("pre",null,(0,r.kt)("code",{parentName:"pre"},'+--------------------------------------------+------------+--------------+---------------+------------------------------------------------------------------------------------------------------------------------------------------------------------------------------------------------------------------------------------------------------------------------+\n| id                                         | estRows    | task         | access object | operator info                                                                                                                                                                                                                                                          |\n+--------------------------------------------+------------+--------------+---------------+------------------------------------------------------------------------------------------------------------------------------------------------------------------------------------------------------------------------------------------------------------------------+\n| Sort_74                                    | 56949.11   | root         |               | Column#41                                                                                                                                                                                                                                                              |\n| \u2514\u2500Projection_76                            | 56949.11   | root         |               | any_value(Column#40)->Column#42, Column#41                                                                                                                                                                                                                             |\n|   \u2514\u2500HashAgg_77                             | 56949.11   | root         |               | group by:Column#41, funcs:firstrow(Column#40)->Column#40, funcs:firstrow(Column#41)->Column#41                                                                                                                                                                         |\n|     \u2514\u2500CTEFullScan_78                       | 56949.11   | root         | CTE:acc       | data:CTE_1                                                                                                                                                                                                                                                             |\n| CTE_1                                      | 56949.11   | root         |               | Non-Recursive CTE                                                                                                                                                                                                                                                      |\n| \u2514\u2500Selection_64(Seed Part)                  | 56949.11   | root         |               | 1                                                                                                                                                                                                                                                                      |\n|   \u2514\u2500Projection_65                          | 71186.39   | root         |               | Column#37, Column#35                                                                                                                                                                                                                                                   |\n|     \u2514\u2500Window_71                            | 71186.39   | root         |               | count(gharchive_dev.github_events.actor_login)->Column#37 over(order by Column#35 range between unbounded preceding and current row)                                                                                                                                   |\n|       \u2514\u2500Sort_73                            | 71186.39   | root         |               | Column#35                                                                                                                                                                                                                                                              |\n|         \u2514\u2500CTEFullScan_72                   | 71186.39   | root         | CTE:bwfs      | data:CTE_0                                                                                                                                                                                                                                                             |\n| CTE_0                                      | 71186.39   | root         |               | Non-Recursive CTE                                                                                                                                                                                                                                                      |\n| \u2514\u2500Sort_18(Seed Part)                       | 71186.39   | root         |               | Column#33                                                                                                                                                                                                                                                              |\n|   \u2514\u2500Projection_20                          | 71186.39   | root         |               | gharchive_dev.github_events.actor_login, Column#33                                                                                                                                                                                                                     |\n|     \u2514\u2500TableReader_54                       | 71186.39   | root         |               | data:ExchangeSender_53                                                                                                                                                                                                                                                 |\n|       \u2514\u2500ExchangeSender_53                  | 71186.39   | mpp[tiflash] |               | ExchangeType: PassThrough                                                                                                                                                                                                                                              |\n|         \u2514\u2500Projection_49                    | 71186.39   | mpp[tiflash] |               | Column#33, gharchive_dev.github_events.actor_login                                                                                                                                                                                                                     |\n|           \u2514\u2500HashAgg_50                     | 71186.39   | mpp[tiflash] |               | group by:gharchive_dev.github_events.actor_login, funcs:min(Column#46)->Column#33, funcs:firstrow(gharchive_dev.github_events.actor_login)->gharchive_dev.github_events.actor_login                                                                                    |\n|             \u2514\u2500ExchangeReceiver_52          | 71186.39   | mpp[tiflash] |               |                                                                                                                                                                                                                                                                        |\n|               \u2514\u2500ExchangeSender_51          | 71186.39   | mpp[tiflash] |               | ExchangeType: HashPartition, Hash Cols: [name: gharchive_dev.github_events.actor_login, collate: utf8mb4_unicode_ci]                                                                                                                                                   |\n|                 \u2514\u2500HashAgg_25               | 71186.39   | mpp[tiflash] |               | group by:gharchive_dev.github_events.actor_login, funcs:min(gharchive_dev.github_events.event_year)->Column#46                                                                                                                                                         |\n|                   \u2514\u2500Selection_48           | 837857.60  | mpp[tiflash] |               | regexp(gharchive_dev.github_events.actor_login, "^(bot-.+|.+bot|.+\\[bot\\]|.+-bot-.+|robot-.+|.+-ci-.+|.+-ci|.+-testing|.+clabot.+|.+-gerrit|k8s-.+|.+-machine|.+-automation|github-.+|.+-github|.+-service|.+-builds|codecov-.+|.+teamcity.+|jenkins-.+|.+-jira-.+)$") |\n|                     \u2514\u2500TableFullScan_47     | 1047322.00 | mpp[tiflash] | table:ge      | keep order:false                                                                                                                                                                                                                                                       |\n+--------------------------------------------+------------+--------------+---------------+------------------------------------------------------------------------------------------------------------------------------------------------------------------------------------------------------------------------------------------------------------------------+\n')))),(0,r.kt)("br",null),(0,r.kt)("center",null,(0,r.kt)("h3",null,"It is SUPER faster!")),(0,r.kt)("br",null),(0,r.kt)("p",null,"We won't talk too much about how to get USEFUL insights from such a big data as we are also students in open source software field. All SQLs in this project can be found on page, just click the ",(0,r.kt)("inlineCode",{parentName:"p"},"SHOW SQL")," button on top-right of each chart to get the corresponding SQL."),(0,r.kt)("h2",{id:"2-well-done"},"2. Well done!"),(0,r.kt)("p",null,"Visit ",(0,r.kt)("a",{parentName:"p",href:"http://localhost:30000"},"http://localhost:30000")," to check the mini OSS Insight site."),(0,r.kt)("p",null,"If you have any question, please contact ",(0,r.kt)("a",{parentName:"p",href:"mailto:ossinsight@pingcap.com"},"ossinsight@pingcap.com"),"."))}m.isMDXComponent=!0}}]);