---
title: 'Step 3: Get Insights with SQL'
sidebar_position: 3
---
import Tabs from '@theme/Tabs';
import TabItem from '@theme/TabItem';

Now, the data is ready, let's try to analyze these data with SQL!

## 1. Get Insights With Raw SQL!

### a. Can't Wait!

#### i. Example 1
Look at user azure-sdk's details:

<Tabs>
  <TabItem value="sql" label="SQL">

```sql
SELECT
    type, count(*)
FROM github_events
WHERE
    actor_login = 'azure-sdk'
GROUP BY type;
```

  </TabItem>
  <TabItem value="explain" label="Explain">

```
+------------------------------------+---------+-----------+----------------------------------------------------------------------------+------------------------------------------------------------------------------------------------------------------------------------------------------------------+
| id                                 | estRows | task      | access object                                                              | operator info                                                                                                                                                    |
+------------------------------------+---------+-----------+----------------------------------------------------------------------------+------------------------------------------------------------------------------------------------------------------------------------------------------------------+
| Projection_5                       | 1.00    | root      |                                                                            | gharchive_dev.github_events.type, Column#33                                                                                                                      |
| └─HashAgg_22                       | 1.00    | root      |                                                                            | group by:gharchive_dev.github_events.type, funcs:count(Column#37)->Column#33, funcs:firstrow(gharchive_dev.github_events.type)->gharchive_dev.github_events.type |
|   └─IndexLookUp_23                 | 1.00    | root      |                                                                            |                                                                                                                                                                  |
|     ├─IndexRangeScan_20(Build)     | 4.88    | cop[tikv] | table:github_events, index:index_github_events_on_actor_login(actor_login) | range:["azure-sdk","azure-sdk"], keep order:false                                                                                                                |
|     └─HashAgg_7(Probe)             | 1.00    | cop[tikv] |                                                                            | group by:gharchive_dev.github_events.type, funcs:count(1)->Column#37                                                                                             |
|       └─TableRowIDScan_21          | 4.88    | cop[tikv] | table:github_events                                                        | keep order:false                                                                                                                                                 |
+------------------------------------+---------+-----------+----------------------------------------------------------------------------+------------------------------------------------------------------------------------------------------------------------------------------------------------------+
```

  </TabItem>
</Tabs>

:::info
GitHub User azure-sdk's profile: https://github.com/azure-sdk.
:::

#### ii. Example 2
The below SQL is chosed from [blog - Love, Code, and Robot](/blog/say-thanks-to-github-robots/), it explains how robots grow on GitHub:

<Tabs>
  <TabItem value="sql" label="SQL">

```sql
mysql> WITH bots_with_first_seen AS (
    SELECT
        actor_login, MIN(event_year) AS first_seen_at
    FROM github_events ge
    WHERE
        actor_login REGEXP '^(bot-.+|.+bot|.+\\[bot\\]|.+-bot-.+|robot-.+|.+-ci-.+|.+-ci|.+-testing|.+clabot.+|.+-gerrit|k8s-.+|.+-machine|.+-automation|github-.+|.+-github|.+-service|.+-builds|codecov-.+|.+teamcity.+|jenkins-.+|.+-jira-.+)$'
    GROUP BY actor_login
    ORDER BY first_seen_at
),  acc AS (
    SELECT
        COUNT(actor_login) OVER (ORDER BY first_seen_at) AS cnt,
        first_seen_at AS event_year
    FROM
        bots_with_first_seen AS bwfs
    ORDER BY event_year
)
SELECT ANY_VALUE(cnt) AS bots_total, event_year
FROM acc
GROUP BY event_year
ORDER BY event_year;

...

+------------+------------+
| bots_total | event_year |
+------------+------------+
|          4 |       2011 |
|          6 |       2012 |
|         12 |       2013 |
|         20 |       2014 |
|         30 |       2015 |
|         50 |       2016 |
|         57 |       2017 |
|         68 |       2018 |
|         88 |       2019 |
|        105 |       2020 |
|        117 |       2021 |
|        149 |       2022 |
+------------+------------+
12 rows in set (3.89 sec)

mysql>
```

  </TabItem>
  <TabItem value="explain" label="Explain">

```sql
+----------------------------------+------------+-----------+---------------+------------------------------------------------------------------------------------------------------------------------------------------------------------------------------------------------------------------------------------------------------------------------+
| id                               | estRows    | task      | access object | operator info                                                                                                                                                                                                                                                          |
+----------------------------------+------------+-----------+---------------+------------------------------------------------------------------------------------------------------------------------------------------------------------------------------------------------------------------------------------------------------------------------+
| Sort_48                          | 56047.89   | root      |               | Column#41                                                                                                                                                                                                                                                              |
| └─Projection_50                  | 56047.89   | root      |               | any_value(Column#40)->Column#42, Column#41                                                                                                                                                                                                                             |
|   └─HashAgg_51                   | 56047.89   | root      |               | group by:Column#41, funcs:firstrow(Column#40)->Column#40, funcs:firstrow(Column#41)->Column#41                                                                                                                                                                         |
|     └─CTEFullScan_52             | 56047.89   | root      | CTE:acc       | data:CTE_1                                                                                                                                                                                                                                                             |
| CTE_1                            | 56047.89   | root      |               | Non-Recursive CTE                                                                                                                                                                                                                                                      |
| └─Selection_38(Seed Part)        | 56047.89   | root      |               | 1                                                                                                                                                                                                                                                                      |
|   └─Projection_39                | 70059.86   | root      |               | Column#37, Column#35                                                                                                                                                                                                                                                   |
|     └─Window_45                  | 70059.86   | root      |               | count(gharchive_dev.github_events.actor_login)->Column#37 over(order by Column#35 range between unbounded preceding and current row)                                                                                                                                   |
|       └─Sort_47                  | 70059.86   | root      |               | Column#35                                                                                                                                                                                                                                                              |
|         └─CTEFullScan_46         | 70059.86   | root      | CTE:bwfs      | data:CTE_0                                                                                                                                                                                                                                                             |
| CTE_0                            | 70059.86   | root      |               | Non-Recursive CTE                                                                                                                                                                                                                                                      |
| └─Sort_18(Seed Part)             | 70059.86   | root      |               | Column#33                                                                                                                                                                                                                                                              |
|   └─Projection_20                | 70059.86   | root      |               | gharchive_dev.github_events.actor_login, Column#33                                                                                                                                                                                                                     |
|     └─HashAgg_21                 | 70059.86   | root      |               | group by:gharchive_dev.github_events.actor_login, funcs:min(gharchive_dev.github_events.event_year)->Column#33, funcs:firstrow(gharchive_dev.github_events.actor_login)->gharchive_dev.github_events.actor_login                                                       |
|       └─Selection_28             | 824598.40  | root      |               | regexp(gharchive_dev.github_events.actor_login, "^(bot-.+|.+bot|.+\[bot\]|.+-bot-.+|robot-.+|.+-ci-.+|.+-ci|.+-testing|.+clabot.+|.+-gerrit|k8s-.+|.+-machine|.+-automation|github-.+|.+-github|.+-service|.+-builds|codecov-.+|.+teamcity.+|jenkins-.+|.+-jira-.+)$") |
|         └─TableReader_27         | 1030748.00 | root      |               | data:TableFullScan_26                                                                                                                                                                                                                                                  |
|           └─TableFullScan_26     | 1030748.00 | cop[tikv] | table:ge      | keep order:false                                                                                                                                                                                                                                                       |
+----------------------------------+------------+-----------+---------------+------------------------------------------------------------------------------------------------------------------------------------------------------------------------------------------------------------------------------------------------------------------------+
```

  </TabItem>
</Tabs>

it works, but could it be faster? of course.

### b. !!! Set Column-Oriented Storage Replica

This step is important enough that it adds column-oriented-storage ability to TiDB - We call it [TiFlash](https://docs.pingcap.com/tidb/dev/tiflash-overview). The `tiup playground` installed 1 TiFlash node by default, what we need to do is just make data is `STORED` in these replica node too.

i. It's easy to set TiFlash replica, different with other software, TiDB use SQL to take such changes into effect:

```sql
use gharchive_dev;
ALTER TABLE github_events SET TIFLASH REPLICA 1;
```

ii. Setting a TiFlash replica will take you some time, so you can use the following SQL statements to check if the procedure is done or not.

```sql
SELECT * FROM information_schema.tiflash_replica WHERE TABLE_SCHEMA = 'gharchive_dev' and TABLE_NAME = 'github_events';
```

If the results you get are the same as follows, then it means the procedure is done.

```sql
mysql> SELECT * FROM information_schema.tiflash_replica WHERE TABLE_SCHEMA = 'gharchive_dev' and TABLE_NAME = 'github_events';
+---------------+---------------+----------+---------------+-----------------+-----------+----------+
| TABLE_SCHEMA  | TABLE_NAME    | TABLE_ID | REPLICA_COUNT | LOCATION_LABELS | AVAILABLE | PROGRESS |
+---------------+---------------+----------+---------------+-----------------+-----------+----------+
| gharchive_dev | github_events |       68 |             1 |                 |         1 |        1 |
+---------------+---------------+----------+---------------+-----------------+-----------+----------+
1 row in set (0.27 sec)

mysql>
```

Now try to execute the former robot sql(start with: `WITH bots_with_first_seen`) again, result:
<Tabs>
  <TabItem value="sql" label="SQL">

```sql
mysql> WITH bots_with_first_seen AS (
    SELECT
        actor_login, MIN(event_year) AS first_seen_at
    FROM github_events ge
    WHERE
        actor_login REGEXP '^(bot-.+|.+bot|.+\\[bot\\]|.+-bot-.+|robot-.+|.+-ci-.+|.+-ci|.+-testing|.+clabot.+|.+-gerrit|k8s-.+|.+-machine|.+-automation|github-.+|.+-github|.+-service|.+-builds|codecov-.+|.+teamcity.+|jenkins-.+|.+-jira-.+)$'
    GROUP BY actor_login
    ORDER BY first_seen_at
),  acc AS (
    SELECT
        COUNT(actor_login) OVER (ORDER BY first_seen_at) AS cnt,
        first_seen_at AS event_year
    FROM
        bots_with_first_seen AS bwfs
    ORDER BY event_year
)
SELECT ANY_VALUE(cnt) AS bots_total, event_year
FROM acc
GROUP BY event_year
ORDER BY event_year;

...

+------------+------------+
| bots_total | event_year |
+------------+------------+
|          4 |       2011 |
|          6 |       2012 |
|         12 |       2013 |
|         20 |       2014 |
|         30 |       2015 |
|         50 |       2016 |
|         57 |       2017 |
|         68 |       2018 |
|         88 |       2019 |
|        105 |       2020 |
|        117 |       2021 |
|        332 |       2022 |
+------------+------------+
12 rows in set (0.06 sec)

mysql>
```

  </TabItem>
  <TabItem value="explain" label="Explain">

```
+--------------------------------------------+------------+--------------+---------------+------------------------------------------------------------------------------------------------------------------------------------------------------------------------------------------------------------------------------------------------------------------------+
| id                                         | estRows    | task         | access object | operator info                                                                                                                                                                                                                                                          |
+--------------------------------------------+------------+--------------+---------------+------------------------------------------------------------------------------------------------------------------------------------------------------------------------------------------------------------------------------------------------------------------------+
| Sort_74                                    | 56949.11   | root         |               | Column#41                                                                                                                                                                                                                                                              |
| └─Projection_76                            | 56949.11   | root         |               | any_value(Column#40)->Column#42, Column#41                                                                                                                                                                                                                             |
|   └─HashAgg_77                             | 56949.11   | root         |               | group by:Column#41, funcs:firstrow(Column#40)->Column#40, funcs:firstrow(Column#41)->Column#41                                                                                                                                                                         |
|     └─CTEFullScan_78                       | 56949.11   | root         | CTE:acc       | data:CTE_1                                                                                                                                                                                                                                                             |
| CTE_1                                      | 56949.11   | root         |               | Non-Recursive CTE                                                                                                                                                                                                                                                      |
| └─Selection_64(Seed Part)                  | 56949.11   | root         |               | 1                                                                                                                                                                                                                                                                      |
|   └─Projection_65                          | 71186.39   | root         |               | Column#37, Column#35                                                                                                                                                                                                                                                   |
|     └─Window_71                            | 71186.39   | root         |               | count(gharchive_dev.github_events.actor_login)->Column#37 over(order by Column#35 range between unbounded preceding and current row)                                                                                                                                   |
|       └─Sort_73                            | 71186.39   | root         |               | Column#35                                                                                                                                                                                                                                                              |
|         └─CTEFullScan_72                   | 71186.39   | root         | CTE:bwfs      | data:CTE_0                                                                                                                                                                                                                                                             |
| CTE_0                                      | 71186.39   | root         |               | Non-Recursive CTE                                                                                                                                                                                                                                                      |
| └─Sort_18(Seed Part)                       | 71186.39   | root         |               | Column#33                                                                                                                                                                                                                                                              |
|   └─Projection_20                          | 71186.39   | root         |               | gharchive_dev.github_events.actor_login, Column#33                                                                                                                                                                                                                     |
|     └─TableReader_54                       | 71186.39   | root         |               | data:ExchangeSender_53                                                                                                                                                                                                                                                 |
|       └─ExchangeSender_53                  | 71186.39   | mpp[tiflash] |               | ExchangeType: PassThrough                                                                                                                                                                                                                                              |
|         └─Projection_49                    | 71186.39   | mpp[tiflash] |               | Column#33, gharchive_dev.github_events.actor_login                                                                                                                                                                                                                     |
|           └─HashAgg_50                     | 71186.39   | mpp[tiflash] |               | group by:gharchive_dev.github_events.actor_login, funcs:min(Column#46)->Column#33, funcs:firstrow(gharchive_dev.github_events.actor_login)->gharchive_dev.github_events.actor_login                                                                                    |
|             └─ExchangeReceiver_52          | 71186.39   | mpp[tiflash] |               |                                                                                                                                                                                                                                                                        |
|               └─ExchangeSender_51          | 71186.39   | mpp[tiflash] |               | ExchangeType: HashPartition, Hash Cols: [name: gharchive_dev.github_events.actor_login, collate: utf8mb4_unicode_ci]                                                                                                                                                   |
|                 └─HashAgg_25               | 71186.39   | mpp[tiflash] |               | group by:gharchive_dev.github_events.actor_login, funcs:min(gharchive_dev.github_events.event_year)->Column#46                                                                                                                                                         |
|                   └─Selection_48           | 837857.60  | mpp[tiflash] |               | regexp(gharchive_dev.github_events.actor_login, "^(bot-.+|.+bot|.+\[bot\]|.+-bot-.+|robot-.+|.+-ci-.+|.+-ci|.+-testing|.+clabot.+|.+-gerrit|k8s-.+|.+-machine|.+-automation|github-.+|.+-github|.+-service|.+-builds|codecov-.+|.+teamcity.+|jenkins-.+|.+-jira-.+)$") |
|                     └─TableFullScan_47     | 1047322.00 | mpp[tiflash] | table:ge      | keep order:false                                                                                                                                                                                                                                                       |
+--------------------------------------------+------------+--------------+---------------+------------------------------------------------------------------------------------------------------------------------------------------------------------------------------------------------------------------------------------------------------------------------+
```

  </TabItem>
</Tabs>

`3.89s` VS `0.06s`, **IT IS SUPER FASTER**! We provide a all-in-one script to run `SET TIFLASH REPLICA` on all tables:
```bash
cd ossinsight/backend/;
bundle exec rake gh:set_tiflash_replica
```

We won't talk too much about how to get USEFUL insights from such a big data as we are also students in open source software field. All SQLs in this project can be found on page, just click the `SHOW SQL` button on top-right of each chart to get the corresponding SQL.


## 2. Make Data More Beautiful

### a. Config

Create config file:
```bash
cd ossinsight/api/;
cp .env.template .env;
```

then edit `.env`:
```
# For database connection
DB_HOST=127.0.0.1
DB_PORT=4000
DB_USER=root
DB_DATABASE=gharchive_dev
DB_PASSWORD=''
CONNECTION_LIMIT=10
QUEUE_LIMIT=20
SERVER_PORT=3450
ENABLE_CACHE=0
# comma separated tokens
GH_TOKENS='(your github personal access token)'
PREFETCH_CONCURRENT=3
```

### b. Start API Server

Open another terminal tab, then:

```bash
# Learn how to install npm: https://docs.npmjs.com/downloading-and-installing-node-js-and-npm
cd ossinsight/api/;
npm install -g pnpm;
pnpm install;
pnpm run dev;
```

### c. Start Web UI

Open another terminal tab, then:

```bash
cd ossinsight/;
npm install;
APP_HOST=http://localhost:3450 APP_API_BASE=http://localhost:3450 npm run start -- --port 3001;
```


### d. Well done!

Visit [http://localhost:3001](http://localhost:3001);
